This file contains any messages produced by compilers while
running configure, to aid debugging if configure makes a mistake.

It was created by openvswitch configure 1.10.0, which was
generated by GNU Autoconf 2.68.  Invocation command line was

  $ ./configure --with-linux=/lib/modules/3.2.0-24-generic-pae/build

## --------- ##
## Platform. ##
## --------- ##

hostname = isisnve1
uname -m = i686
uname -r = 3.2.0-24-generic-pae
uname -s = Linux
uname -v = #37-Ubuntu SMP Wed Apr 25 10:47:59 UTC 2012

/usr/bin/uname -p = unknown
/bin/uname -X     = unknown

/bin/arch              = unknown
/usr/bin/arch -k       = unknown
/usr/convex/getsysinfo = unknown
/usr/bin/hostinfo      = unknown
/bin/machine           = unknown
/usr/bin/oslevel       = unknown
/bin/universe          = unknown

PATH: /usr/local/sbin
PATH: /usr/local/bin
PATH: /usr/sbin
PATH: /usr/bin
PATH: /sbin
PATH: /bin
PATH: /usr/games


## ----------- ##
## Core tests. ##
## ----------- ##

configure:2331: checking for a BSD-compatible install
configure:2399: result: /usr/bin/install -c
configure:2410: checking whether build environment is sane
configure:2460: result: yes
configure:2601: checking for a thread-safe mkdir -p
configure:2640: result: /bin/mkdir -p
configure:2653: checking for gawk
configure:2669: found /usr/local/bin/gawk
configure:2680: result: gawk
configure:2691: checking whether make sets $(MAKE)
configure:2713: result: yes
configure:2842: checking for gcc
configure:2858: found /usr/bin/gcc
configure:2869: result: gcc
configure:3098: checking for C compiler version
configure:3107: gcc --version >&5
gcc (Ubuntu/Linaro 4.6.3-1ubuntu5) 4.6.3
Copyright (C) 2011 Free Software Foundation, Inc.
This is free software; see the source for copying conditions.  There is NO
warranty; not even for MERCHANTABILITY or FITNESS FOR A PARTICULAR PURPOSE.

configure:3118: $? = 0
configure:3107: gcc -v >&5
Using built-in specs.
COLLECT_GCC=gcc
COLLECT_LTO_WRAPPER=/usr/lib/gcc/i686-linux-gnu/4.6/lto-wrapper
Target: i686-linux-gnu
Configured with: ../src/configure -v --with-pkgversion='Ubuntu/Linaro 4.6.3-1ubuntu5' --with-bugurl=file:///usr/share/doc/gcc-4.6/README.Bugs --enable-languages=c,c++,fortran,objc,obj-c++ --prefix=/usr --program-suffix=-4.6 --enable-shared --enable-linker-build-id --with-system-zlib --libexecdir=/usr/lib --without-included-gettext --enable-threads=posix --with-gxx-include-dir=/usr/include/c++/4.6 --libdir=/usr/lib --enable-nls --with-sysroot=/ --enable-clocale=gnu --enable-libstdcxx-debug --enable-libstdcxx-time=yes --enable-gnu-unique-object --enable-plugin --enable-objc-gc --enable-targets=all --disable-werror --with-arch-32=i686 --with-tune=generic --enable-checking=release --build=i686-linux-gnu --host=i686-linux-gnu --target=i686-linux-gnu
Thread model: posix
gcc version 4.6.3 (Ubuntu/Linaro 4.6.3-1ubuntu5) 
configure:3118: $? = 0
configure:3107: gcc -V >&5
gcc: error: unrecognized option '-V'
gcc: fatal error: no input files
compilation terminated.
configure:3118: $? = 4
configure:3107: gcc -qversion >&5
gcc: error: unrecognized option '-qversion'
gcc: fatal error: no input files
compilation terminated.
configure:3118: $? = 4
configure:3138: checking whether the C compiler works
configure:3160: gcc    conftest.c  >&5
configure:3164: $? = 0
configure:3212: result: yes
configure:3215: checking for C compiler default output file name
configure:3217: result: a.out
configure:3223: checking for suffix of executables
configure:3230: gcc -o conftest    conftest.c  >&5
configure:3234: $? = 0
configure:3256: result: 
configure:3278: checking whether we are cross compiling
configure:3286: gcc -o conftest    conftest.c  >&5
configure:3290: $? = 0
configure:3297: ./conftest
configure:3301: $? = 0
configure:3316: result: no
configure:3321: checking for suffix of object files
configure:3343: gcc -c   conftest.c >&5
configure:3347: $? = 0
configure:3368: result: o
configure:3372: checking whether we are using the GNU C compiler
configure:3391: gcc -c   conftest.c >&5
configure:3391: $? = 0
configure:3400: result: yes
configure:3409: checking whether gcc accepts -g
configure:3429: gcc -c -g  conftest.c >&5
configure:3429: $? = 0
configure:3470: result: yes
configure:3487: checking for gcc option to accept ISO C89
configure:3551: gcc  -c -g -O2  conftest.c >&5
configure:3551: $? = 0
configure:3564: result: none needed
configure:3595: checking for style of include used by make
configure:3623: result: GNU
configure:3648: checking dependency style of gcc
configure:3758: result: gcc3
configure:3774: checking whether gcc and cc understand -c and -o together
configure:3805: gcc -c conftest.c -o conftest2.o >&5
configure:3809: $? = 0
configure:3815: gcc -c conftest.c -o conftest2.o >&5
configure:3819: $? = 0
configure:3830: cc -c conftest.c >&5
configure:3834: $? = 0
configure:3842: cc -c conftest.c -o conftest2.o >&5
configure:3846: $? = 0
configure:3852: cc -c conftest.c -o conftest2.o >&5
configure:3856: $? = 0
configure:3874: result: yes
configure:3904: checking how to run the C preprocessor
configure:3935: gcc -E  conftest.c
configure:3935: $? = 0
configure:3949: gcc -E  conftest.c
conftest.c:11:28: fatal error: ac_nonexistent.h: No such file or directory
compilation terminated.
configure:3949: $? = 1
configure: failed program was:
| /* confdefs.h */
| #define PACKAGE_NAME "openvswitch"
| #define PACKAGE_TARNAME "openvswitch"
| #define PACKAGE_VERSION "1.10.0"
| #define PACKAGE_STRING "openvswitch 1.10.0"
| #define PACKAGE_BUGREPORT "ovs-bugs@openvswitch.org"
| #define PACKAGE_URL ""
| #define PACKAGE "openvswitch"
| #define VERSION "1.10.0"
| /* end confdefs.h.  */
| #include <ac_nonexistent.h>
configure:3974: result: gcc -E
configure:3994: gcc -E  conftest.c
configure:3994: $? = 0
configure:4008: gcc -E  conftest.c
conftest.c:11:28: fatal error: ac_nonexistent.h: No such file or directory
compilation terminated.
configure:4008: $? = 1
configure: failed program was:
| /* confdefs.h */
| #define PACKAGE_NAME "openvswitch"
| #define PACKAGE_TARNAME "openvswitch"
| #define PACKAGE_VERSION "1.10.0"
| #define PACKAGE_STRING "openvswitch 1.10.0"
| #define PACKAGE_BUGREPORT "ovs-bugs@openvswitch.org"
| #define PACKAGE_URL ""
| #define PACKAGE "openvswitch"
| #define VERSION "1.10.0"
| /* end confdefs.h.  */
| #include <ac_nonexistent.h>
configure:4079: checking for ranlib
configure:4095: found /usr/bin/ranlib
configure:4106: result: ranlib
configure:4129: checking for grep that handles long lines and -e
configure:4187: result: /bin/grep
configure:4192: checking for fgrep
configure:4254: result: /bin/grep -F
configure:4259: checking for egrep
configure:4321: result: /bin/grep -E
configure:4330: checking for perl
configure:4348: found /usr/bin/perl
configure:4361: result: /usr/bin/perl
configure:4379: checking for ANSI C header files
configure:4399: gcc -c -g -O2  conftest.c >&5
configure:4399: $? = 0
configure:4472: gcc -o conftest -g -O2   conftest.c  >&5
configure:4472: $? = 0
configure:4472: ./conftest
configure:4472: $? = 0
configure:4483: result: yes
configure:4496: checking for sys/types.h
configure:4496: gcc -c -g -O2  conftest.c >&5
configure:4496: $? = 0
configure:4496: result: yes
configure:4496: checking for sys/stat.h
configure:4496: gcc -c -g -O2  conftest.c >&5
configure:4496: $? = 0
configure:4496: result: yes
configure:4496: checking for stdlib.h
configure:4496: gcc -c -g -O2  conftest.c >&5
configure:4496: $? = 0
configure:4496: result: yes
configure:4496: checking for string.h
configure:4496: gcc -c -g -O2  conftest.c >&5
configure:4496: $? = 0
configure:4496: result: yes
configure:4496: checking for memory.h
configure:4496: gcc -c -g -O2  conftest.c >&5
configure:4496: $? = 0
configure:4496: result: yes
configure:4496: checking for strings.h
configure:4496: gcc -c -g -O2  conftest.c >&5
configure:4496: $? = 0
configure:4496: result: yes
configure:4496: checking for inttypes.h
configure:4496: gcc -c -g -O2  conftest.c >&5
configure:4496: $? = 0
configure:4496: result: yes
configure:4496: checking for stdint.h
configure:4496: gcc -c -g -O2  conftest.c >&5
configure:4496: $? = 0
configure:4496: result: yes
configure:4496: checking for unistd.h
configure:4496: gcc -c -g -O2  conftest.c >&5
configure:4496: $? = 0
configure:4496: result: yes
configure:4509: checking minix/config.h usability
configure:4509: gcc -c -g -O2  conftest.c >&5
conftest.c:54:26: fatal error: minix/config.h: No such file or directory
compilation terminated.
configure:4509: $? = 1
configure: failed program was:
| /* confdefs.h */
| #define PACKAGE_NAME "openvswitch"
| #define PACKAGE_TARNAME "openvswitch"
| #define PACKAGE_VERSION "1.10.0"
| #define PACKAGE_STRING "openvswitch 1.10.0"
| #define PACKAGE_BUGREPORT "ovs-bugs@openvswitch.org"
| #define PACKAGE_URL ""
| #define PACKAGE "openvswitch"
| #define VERSION "1.10.0"
| #define STDC_HEADERS 1
| #define HAVE_SYS_TYPES_H 1
| #define HAVE_SYS_STAT_H 1
| #define HAVE_STDLIB_H 1
| #define HAVE_STRING_H 1
| #define HAVE_MEMORY_H 1
| #define HAVE_STRINGS_H 1
| #define HAVE_INTTYPES_H 1
| #define HAVE_STDINT_H 1
| #define HAVE_UNISTD_H 1
| /* end confdefs.h.  */
| #include <stdio.h>
| #ifdef HAVE_SYS_TYPES_H
| # include <sys/types.h>
| #endif
| #ifdef HAVE_SYS_STAT_H
| # include <sys/stat.h>
| #endif
| #ifdef STDC_HEADERS
| # include <stdlib.h>
| # include <stddef.h>
| #else
| # ifdef HAVE_STDLIB_H
| #  include <stdlib.h>
| # endif
| #endif
| #ifdef HAVE_STRING_H
| # if !defined STDC_HEADERS && defined HAVE_MEMORY_H
| #  include <memory.h>
| # endif
| # include <string.h>
| #endif
| #ifdef HAVE_STRINGS_H
| # include <strings.h>
| #endif
| #ifdef HAVE_INTTYPES_H
| # include <inttypes.h>
| #endif
| #ifdef HAVE_STDINT_H
| # include <stdint.h>
| #endif
| #ifdef HAVE_UNISTD_H
| # include <unistd.h>
| #endif
| #include <minix/config.h>
configure:4509: result: no
configure:4509: checking minix/config.h presence
configure:4509: gcc -E  conftest.c
conftest.c:21:26: fatal error: minix/config.h: No such file or directory
compilation terminated.
configure:4509: $? = 1
configure: failed program was:
| /* confdefs.h */
| #define PACKAGE_NAME "openvswitch"
| #define PACKAGE_TARNAME "openvswitch"
| #define PACKAGE_VERSION "1.10.0"
| #define PACKAGE_STRING "openvswitch 1.10.0"
| #define PACKAGE_BUGREPORT "ovs-bugs@openvswitch.org"
| #define PACKAGE_URL ""
| #define PACKAGE "openvswitch"
| #define VERSION "1.10.0"
| #define STDC_HEADERS 1
| #define HAVE_SYS_TYPES_H 1
| #define HAVE_SYS_STAT_H 1
| #define HAVE_STDLIB_H 1
| #define HAVE_STRING_H 1
| #define HAVE_MEMORY_H 1
| #define HAVE_STRINGS_H 1
| #define HAVE_INTTYPES_H 1
| #define HAVE_STDINT_H 1
| #define HAVE_UNISTD_H 1
| /* end confdefs.h.  */
| #include <minix/config.h>
configure:4509: result: no
configure:4509: checking for minix/config.h
configure:4509: result: no
configure:4530: checking whether it is safe to define __EXTENSIONS__
configure:4548: gcc -c -g -O2  conftest.c >&5
configure:4548: $? = 0
configure:4555: result: yes
configure:4569: checking whether byte ordering is bigendian
configure:4584: gcc -c -g -O2  conftest.c >&5
conftest.c:27:9: error: unknown type name 'not'
conftest.c:27:15: error: expected '=', ',', ';', 'asm' or '__attribute__' before 'universal'
conftest.c:27:15: error: unknown type name 'universal'
configure:4584: $? = 1
configure: failed program was:
| /* confdefs.h */
| #define PACKAGE_NAME "openvswitch"
| #define PACKAGE_TARNAME "openvswitch"
| #define PACKAGE_VERSION "1.10.0"
| #define PACKAGE_STRING "openvswitch 1.10.0"
| #define PACKAGE_BUGREPORT "ovs-bugs@openvswitch.org"
| #define PACKAGE_URL ""
| #define PACKAGE "openvswitch"
| #define VERSION "1.10.0"
| #define STDC_HEADERS 1
| #define HAVE_SYS_TYPES_H 1
| #define HAVE_SYS_STAT_H 1
| #define HAVE_STDLIB_H 1
| #define HAVE_STRING_H 1
| #define HAVE_MEMORY_H 1
| #define HAVE_STRINGS_H 1
| #define HAVE_INTTYPES_H 1
| #define HAVE_STDINT_H 1
| #define HAVE_UNISTD_H 1
| #define __EXTENSIONS__ 1
| #define _ALL_SOURCE 1
| #define _GNU_SOURCE 1
| #define _POSIX_PTHREAD_SEMANTICS 1
| #define _TANDEM_SOURCE 1
| /* end confdefs.h.  */
| #ifndef __APPLE_CC__
| 	       not a universal capable compiler
| 	     #endif
| 	     typedef int dummy;
| 
configure:4629: gcc -c -g -O2  conftest.c >&5
configure:4629: $? = 0
configure:4647: gcc -c -g -O2  conftest.c >&5
conftest.c: In function 'main':
conftest.c:33:4: error: unknown type name 'not'
conftest.c:33:12: error: expected '=', ',', ';', 'asm' or '__attribute__' before 'endian'
configure:4647: $? = 1
configure: failed program was:
| /* confdefs.h */
| #define PACKAGE_NAME "openvswitch"
| #define PACKAGE_TARNAME "openvswitch"
| #define PACKAGE_VERSION "1.10.0"
| #define PACKAGE_STRING "openvswitch 1.10.0"
| #define PACKAGE_BUGREPORT "ovs-bugs@openvswitch.org"
| #define PACKAGE_URL ""
| #define PACKAGE "openvswitch"
| #define VERSION "1.10.0"
| #define STDC_HEADERS 1
| #define HAVE_SYS_TYPES_H 1
| #define HAVE_SYS_STAT_H 1
| #define HAVE_STDLIB_H 1
| #define HAVE_STRING_H 1
| #define HAVE_MEMORY_H 1
| #define HAVE_STRINGS_H 1
| #define HAVE_INTTYPES_H 1
| #define HAVE_STDINT_H 1
| #define HAVE_UNISTD_H 1
| #define __EXTENSIONS__ 1
| #define _ALL_SOURCE 1
| #define _GNU_SOURCE 1
| #define _POSIX_PTHREAD_SEMANTICS 1
| #define _TANDEM_SOURCE 1
| /* end confdefs.h.  */
| #include <sys/types.h>
| 		#include <sys/param.h>
| 
| int
| main ()
| {
| #if BYTE_ORDER != BIG_ENDIAN
| 		 not big endian
| 		#endif
| 
|   ;
|   return 0;
| }
configure:4775: result: no
configure:4800: checking for special C compiler options needed for large files
configure:4845: result: no
configure:4851: checking for _FILE_OFFSET_BITS value needed for large files
configure:4876: gcc -c -g -O2  conftest.c >&5
conftest.c:32:3: warning: left shift count >= width of type [enabled by default]
conftest.c:32:3: warning: left shift count >= width of type [enabled by default]
conftest.c:33:10: warning: left shift count >= width of type [enabled by default]
conftest.c:33:10: warning: left shift count >= width of type [enabled by default]
conftest.c:32:7: error: size of array 'off_t_is_large' is negative
conftest.c:34:9: warning: variably modified 'off_t_is_large' at file scope [enabled by default]
configure:4876: $? = 1
configure: failed program was:
| /* confdefs.h */
| #define PACKAGE_NAME "openvswitch"
| #define PACKAGE_TARNAME "openvswitch"
| #define PACKAGE_VERSION "1.10.0"
| #define PACKAGE_STRING "openvswitch 1.10.0"
| #define PACKAGE_BUGREPORT "ovs-bugs@openvswitch.org"
| #define PACKAGE_URL ""
| #define PACKAGE "openvswitch"
| #define VERSION "1.10.0"
| #define STDC_HEADERS 1
| #define HAVE_SYS_TYPES_H 1
| #define HAVE_SYS_STAT_H 1
| #define HAVE_STDLIB_H 1
| #define HAVE_STRING_H 1
| #define HAVE_MEMORY_H 1
| #define HAVE_STRINGS_H 1
| #define HAVE_INTTYPES_H 1
| #define HAVE_STDINT_H 1
| #define HAVE_UNISTD_H 1
| #define __EXTENSIONS__ 1
| #define _ALL_SOURCE 1
| #define _GNU_SOURCE 1
| #define _POSIX_PTHREAD_SEMANTICS 1
| #define _TANDEM_SOURCE 1
| /* end confdefs.h.  */
| #include <sys/types.h>
|  /* Check that off_t can represent 2**63 - 1 correctly.
|     We can't simply define LARGE_OFF_T to be 9223372036854775807,
|     since some C++ compilers masquerading as C compilers
|     incorrectly reject 9223372036854775807.  */
| #define LARGE_OFF_T (((off_t) 1 << 62) - 1 + ((off_t) 1 << 62))
|   int off_t_is_large[(LARGE_OFF_T % 2147483629 == 721
| 		       && LARGE_OFF_T % 2147483647 == 1)
| 		      ? 1 : -1];
| int
| main ()
| {
| 
|   ;
|   return 0;
| }
configure:4900: gcc -c -g -O2  conftest.c >&5
configure:4900: $? = 0
configure:4908: result: 64
configure:4992: checking for library containing pow
configure:5023: gcc -o conftest -g -O2   conftest.c  >&5
conftest.c:34:6: warning: conflicting types for built-in function 'pow' [enabled by default]
/tmp/ccwVRzpn.o: In function `main':
/home/vpls/openvswitch-1.10.0/conftest.c:38: undefined reference to `pow'
collect2: ld returned 1 exit status
configure:5023: $? = 1
configure: failed program was:
| /* confdefs.h */
| #define PACKAGE_NAME "openvswitch"
| #define PACKAGE_TARNAME "openvswitch"
| #define PACKAGE_VERSION "1.10.0"
| #define PACKAGE_STRING "openvswitch 1.10.0"
| #define PACKAGE_BUGREPORT "ovs-bugs@openvswitch.org"
| #define PACKAGE_URL ""
| #define PACKAGE "openvswitch"
| #define VERSION "1.10.0"
| #define STDC_HEADERS 1
| #define HAVE_SYS_TYPES_H 1
| #define HAVE_SYS_STAT_H 1
| #define HAVE_STDLIB_H 1
| #define HAVE_STRING_H 1
| #define HAVE_MEMORY_H 1
| #define HAVE_STRINGS_H 1
| #define HAVE_INTTYPES_H 1
| #define HAVE_STDINT_H 1
| #define HAVE_UNISTD_H 1
| #define __EXTENSIONS__ 1
| #define _ALL_SOURCE 1
| #define _GNU_SOURCE 1
| #define _POSIX_PTHREAD_SEMANTICS 1
| #define _TANDEM_SOURCE 1
| #define _FILE_OFFSET_BITS 64
| /* end confdefs.h.  */
| 
| /* Override any GCC internal prototype to avoid an error.
|    Use char because int might match the return type of a GCC
|    builtin and then its argument prototype would still apply.  */
| #ifdef __cplusplus
| extern "C"
| #endif
| char pow ();
| int
| main ()
| {
| return pow ();
|   ;
|   return 0;
| }
configure:5023: gcc -o conftest -g -O2   conftest.c -lm   >&5
conftest.c:34:6: warning: conflicting types for built-in function 'pow' [enabled by default]
configure:5023: $? = 0
configure:5040: result: -lm
configure:5048: checking for library containing clock_gettime
configure:5079: gcc -o conftest -g -O2   conftest.c -lm  >&5
/tmp/ccNgLkor.o: In function `main':
/home/vpls/openvswitch-1.10.0/conftest.c:38: undefined reference to `clock_gettime'
collect2: ld returned 1 exit status
configure:5079: $? = 1
configure: failed program was:
| /* confdefs.h */
| #define PACKAGE_NAME "openvswitch"
| #define PACKAGE_TARNAME "openvswitch"
| #define PACKAGE_VERSION "1.10.0"
| #define PACKAGE_STRING "openvswitch 1.10.0"
| #define PACKAGE_BUGREPORT "ovs-bugs@openvswitch.org"
| #define PACKAGE_URL ""
| #define PACKAGE "openvswitch"
| #define VERSION "1.10.0"
| #define STDC_HEADERS 1
| #define HAVE_SYS_TYPES_H 1
| #define HAVE_SYS_STAT_H 1
| #define HAVE_STDLIB_H 1
| #define HAVE_STRING_H 1
| #define HAVE_MEMORY_H 1
| #define HAVE_STRINGS_H 1
| #define HAVE_INTTYPES_H 1
| #define HAVE_STDINT_H 1
| #define HAVE_UNISTD_H 1
| #define __EXTENSIONS__ 1
| #define _ALL_SOURCE 1
| #define _GNU_SOURCE 1
| #define _POSIX_PTHREAD_SEMANTICS 1
| #define _TANDEM_SOURCE 1
| #define _FILE_OFFSET_BITS 64
| /* end confdefs.h.  */
| 
| /* Override any GCC internal prototype to avoid an error.
|    Use char because int might match the return type of a GCC
|    builtin and then its argument prototype would still apply.  */
| #ifdef __cplusplus
| extern "C"
| #endif
| char clock_gettime ();
| int
| main ()
| {
| return clock_gettime ();
|   ;
|   return 0;
| }
configure:5079: gcc -o conftest -g -O2   conftest.c -lrt  -lm  >&5
configure:5079: $? = 0
configure:5096: result: -lrt
configure:5104: checking for library containing timer_create
configure:5135: gcc -o conftest -g -O2   conftest.c -lrt -lm  >&5
configure:5135: $? = 0
configure:5152: result: none required
configure:5160: checking for library containing pcap_open_live
configure:5191: gcc -o conftest -g -O2   conftest.c -lrt -lm  >&5
/tmp/cc8kcIVJ.o: In function `main':
/home/vpls/openvswitch-1.10.0/conftest.c:38: undefined reference to `pcap_open_live'
collect2: ld returned 1 exit status
configure:5191: $? = 1
configure: failed program was:
| /* confdefs.h */
| #define PACKAGE_NAME "openvswitch"
| #define PACKAGE_TARNAME "openvswitch"
| #define PACKAGE_VERSION "1.10.0"
| #define PACKAGE_STRING "openvswitch 1.10.0"
| #define PACKAGE_BUGREPORT "ovs-bugs@openvswitch.org"
| #define PACKAGE_URL ""
| #define PACKAGE "openvswitch"
| #define VERSION "1.10.0"
| #define STDC_HEADERS 1
| #define HAVE_SYS_TYPES_H 1
| #define HAVE_SYS_STAT_H 1
| #define HAVE_STDLIB_H 1
| #define HAVE_STRING_H 1
| #define HAVE_MEMORY_H 1
| #define HAVE_STRINGS_H 1
| #define HAVE_INTTYPES_H 1
| #define HAVE_STDINT_H 1
| #define HAVE_UNISTD_H 1
| #define __EXTENSIONS__ 1
| #define _ALL_SOURCE 1
| #define _GNU_SOURCE 1
| #define _POSIX_PTHREAD_SEMANTICS 1
| #define _TANDEM_SOURCE 1
| #define _FILE_OFFSET_BITS 64
| /* end confdefs.h.  */
| 
| /* Override any GCC internal prototype to avoid an error.
|    Use char because int might match the return type of a GCC
|    builtin and then its argument prototype would still apply.  */
| #ifdef __cplusplus
| extern "C"
| #endif
| char pcap_open_live ();
| int
| main ()
| {
| return pcap_open_live ();
|   ;
|   return 0;
| }
configure:5191: gcc -o conftest -g -O2   conftest.c -lpcap  -lrt -lm  >&5
configure:5191: $? = 0
configure:5208: result: -lpcap
configure:5217: checking vmware.h usability
configure:5217: gcc -c -g -O2  conftest.c >&5
conftest.c:60:20: fatal error: vmware.h: No such file or directory
compilation terminated.
configure:5217: $? = 1
configure: failed program was:
| /* confdefs.h */
| #define PACKAGE_NAME "openvswitch"
| #define PACKAGE_TARNAME "openvswitch"
| #define PACKAGE_VERSION "1.10.0"
| #define PACKAGE_STRING "openvswitch 1.10.0"
| #define PACKAGE_BUGREPORT "ovs-bugs@openvswitch.org"
| #define PACKAGE_URL ""
| #define PACKAGE "openvswitch"
| #define VERSION "1.10.0"
| #define STDC_HEADERS 1
| #define HAVE_SYS_TYPES_H 1
| #define HAVE_SYS_STAT_H 1
| #define HAVE_STDLIB_H 1
| #define HAVE_STRING_H 1
| #define HAVE_MEMORY_H 1
| #define HAVE_STRINGS_H 1
| #define HAVE_INTTYPES_H 1
| #define HAVE_STDINT_H 1
| #define HAVE_UNISTD_H 1
| #define __EXTENSIONS__ 1
| #define _ALL_SOURCE 1
| #define _GNU_SOURCE 1
| #define _POSIX_PTHREAD_SEMANTICS 1
| #define _TANDEM_SOURCE 1
| #define _FILE_OFFSET_BITS 64
| /* end confdefs.h.  */
| #include <stdio.h>
| #ifdef HAVE_SYS_TYPES_H
| # include <sys/types.h>
| #endif
| #ifdef HAVE_SYS_STAT_H
| # include <sys/stat.h>
| #endif
| #ifdef STDC_HEADERS
| # include <stdlib.h>
| # include <stddef.h>
| #else
| # ifdef HAVE_STDLIB_H
| #  include <stdlib.h>
| # endif
| #endif
| #ifdef HAVE_STRING_H
| # if !defined STDC_HEADERS && defined HAVE_MEMORY_H
| #  include <memory.h>
| # endif
| # include <string.h>
| #endif
| #ifdef HAVE_STRINGS_H
| # include <strings.h>
| #endif
| #ifdef HAVE_INTTYPES_H
| # include <inttypes.h>
| #endif
| #ifdef HAVE_STDINT_H
| # include <stdint.h>
| #endif
| #ifdef HAVE_UNISTD_H
| # include <unistd.h>
| #endif
| #include <vmware.h>
configure:5217: result: no
configure:5217: checking vmware.h presence
configure:5217: gcc -E  conftest.c
conftest.c:27:20: fatal error: vmware.h: No such file or directory
compilation terminated.
configure:5217: $? = 1
configure: failed program was:
| /* confdefs.h */
| #define PACKAGE_NAME "openvswitch"
| #define PACKAGE_TARNAME "openvswitch"
| #define PACKAGE_VERSION "1.10.0"
| #define PACKAGE_STRING "openvswitch 1.10.0"
| #define PACKAGE_BUGREPORT "ovs-bugs@openvswitch.org"
| #define PACKAGE_URL ""
| #define PACKAGE "openvswitch"
| #define VERSION "1.10.0"
| #define STDC_HEADERS 1
| #define HAVE_SYS_TYPES_H 1
| #define HAVE_SYS_STAT_H 1
| #define HAVE_STDLIB_H 1
| #define HAVE_STRING_H 1
| #define HAVE_MEMORY_H 1
| #define HAVE_STRINGS_H 1
| #define HAVE_INTTYPES_H 1
| #define HAVE_STDINT_H 1
| #define HAVE_UNISTD_H 1
| #define __EXTENSIONS__ 1
| #define _ALL_SOURCE 1
| #define _GNU_SOURCE 1
| #define _POSIX_PTHREAD_SEMANTICS 1
| #define _TANDEM_SOURCE 1
| #define _FILE_OFFSET_BITS 64
| /* end confdefs.h.  */
| #include <vmware.h>
configure:5217: result: no
configure:5217: checking for vmware.h
configure:5217: result: no
configure:5273: checking for linux/netlink.h
configure:5273: gcc -c -g -O2  conftest.c >&5
configure:5273: $? = 0
configure:5273: result: yes
configure:5351: checking for pkg-config
configure:5369: found /usr/bin/pkg-config
configure:5381: result: /usr/bin/pkg-config
configure:5406: checking pkg-config is at least version 0.9.0
configure:5409: result: yes
configure:5433: checking for SSL
configure:5440: $PKG_CONFIG --exists --print-errors "openssl"
Package openssl was not found in the pkg-config search path.
Perhaps you should add the directory containing `openssl.pc'
to the PKG_CONFIG_PATH environment variable
No package 'openssl' found
configure:5443: $? = 1
configure:5457: $PKG_CONFIG --exists --print-errors "openssl"
Package openssl was not found in the pkg-config search path.
Perhaps you should add the directory containing `openssl.pc'
to the PKG_CONFIG_PATH environment variable
No package 'openssl' found
configure:5460: $? = 1
configure:5474: result: no
No package 'openssl' found
configure:5497: WARNING: Cannot find openssl:

No package 'openssl' found

OpenFlow connections over SSL will not be supported.
(You may use --disable-ssl to suppress this warning.)
configure:5560: checking for Python 2.x for x >= 4
configure:5586: result: /usr/bin/python
configure:5606: checking for pyuic4
configure:5617: result: no
configure:5626: checking for PySide.QtCore Python module
running /usr/bin/python -c 'import PySide.QtCore
import sys
sys.exit(0)'...
Traceback (most recent call last):
  File "<string>", line 1, in <module>
ImportError: No module named PySide.QtCore
configure:5643: result: no
configure:5646: checking for PyQt4.QtCore Python module
running /usr/bin/python -c 'import PyQt4.QtCore
import sys
sys.exit(0)'...
Traceback (most recent call last):
  File "<string>", line 1, in <module>
ImportError: No module named PyQt4.QtCore
configure:5663: result: no
configure:5666: checking for twisted.conch.ssh Python module
running /usr/bin/python -c 'import twisted.conch.ssh
import sys
sys.exit(0)'...
Traceback (most recent call last):
  File "<string>", line 1, in <module>
ImportError: No module named conch.ssh
configure:5683: result: no
configure:5686: checking for twisted.internet Python module
running /usr/bin/python -c 'import twisted.internet
import sys
sys.exit(0)'...
configure:5703: result: yes
configure:5706: checking for twisted.application Python module
running /usr/bin/python -c 'import twisted.application
import sys
sys.exit(0)'...
configure:5723: result: yes
configure:5726: checking for json Python module
running /usr/bin/python -c 'import json
import sys
sys.exit(0)'...
configure:5743: result: yes
configure:5746: checking for zope.interface Python module
running /usr/bin/python -c 'import zope.interface
import sys
sys.exit(0)'...
configure:5763: result: yes
configure:5776: checking whether to build ovsdbmonitor
configure:5778: result: no
configure:5788: checking for dot
configure:5799: result: no
configure:5809: checking net/if_packet.h usability
configure:5809: gcc -c -g -O2  conftest.c >&5
configure:5809: $? = 0
configure:5809: result: yes
configure:5809: checking net/if_packet.h presence
configure:5809: gcc -E  conftest.c
configure:5809: $? = 0
configure:5809: result: yes
configure:5809: checking for net/if_packet.h
configure:5809: result: yes
configure:5830: checking net/if_dl.h usability
configure:5830: gcc -c -g -O2  conftest.c >&5
conftest.c:62:23: fatal error: net/if_dl.h: No such file or directory
compilation terminated.
configure:5830: $? = 1
configure: failed program was:
| /* confdefs.h */
| #define PACKAGE_NAME "openvswitch"
| #define PACKAGE_TARNAME "openvswitch"
| #define PACKAGE_VERSION "1.10.0"
| #define PACKAGE_STRING "openvswitch 1.10.0"
| #define PACKAGE_BUGREPORT "ovs-bugs@openvswitch.org"
| #define PACKAGE_URL ""
| #define PACKAGE "openvswitch"
| #define VERSION "1.10.0"
| #define STDC_HEADERS 1
| #define HAVE_SYS_TYPES_H 1
| #define HAVE_SYS_STAT_H 1
| #define HAVE_STDLIB_H 1
| #define HAVE_STRING_H 1
| #define HAVE_MEMORY_H 1
| #define HAVE_STRINGS_H 1
| #define HAVE_INTTYPES_H 1
| #define HAVE_STDINT_H 1
| #define HAVE_UNISTD_H 1
| #define __EXTENSIONS__ 1
| #define _ALL_SOURCE 1
| #define _GNU_SOURCE 1
| #define _POSIX_PTHREAD_SEMANTICS 1
| #define _TANDEM_SOURCE 1
| #define _FILE_OFFSET_BITS 64
| #define HAVE_NETLINK 1
| #define HAVE_IF_PACKET 1
| /* end confdefs.h.  */
| #include <stdio.h>
| #ifdef HAVE_SYS_TYPES_H
| # include <sys/types.h>
| #endif
| #ifdef HAVE_SYS_STAT_H
| # include <sys/stat.h>
| #endif
| #ifdef STDC_HEADERS
| # include <stdlib.h>
| # include <stddef.h>
| #else
| # ifdef HAVE_STDLIB_H
| #  include <stdlib.h>
| # endif
| #endif
| #ifdef HAVE_STRING_H
| # if !defined STDC_HEADERS && defined HAVE_MEMORY_H
| #  include <memory.h>
| # endif
| # include <string.h>
| #endif
| #ifdef HAVE_STRINGS_H
| # include <strings.h>
| #endif
| #ifdef HAVE_INTTYPES_H
| # include <inttypes.h>
| #endif
| #ifdef HAVE_STDINT_H
| # include <stdint.h>
| #endif
| #ifdef HAVE_UNISTD_H
| # include <unistd.h>
| #endif
| #include <net/if_dl.h>
configure:5830: result: no
configure:5830: checking net/if_dl.h presence
configure:5830: gcc -E  conftest.c
conftest.c:29:23: fatal error: net/if_dl.h: No such file or directory
compilation terminated.
configure:5830: $? = 1
configure: failed program was:
| /* confdefs.h */
| #define PACKAGE_NAME "openvswitch"
| #define PACKAGE_TARNAME "openvswitch"
| #define PACKAGE_VERSION "1.10.0"
| #define PACKAGE_STRING "openvswitch 1.10.0"
| #define PACKAGE_BUGREPORT "ovs-bugs@openvswitch.org"
| #define PACKAGE_URL ""
| #define PACKAGE "openvswitch"
| #define VERSION "1.10.0"
| #define STDC_HEADERS 1
| #define HAVE_SYS_TYPES_H 1
| #define HAVE_SYS_STAT_H 1
| #define HAVE_STDLIB_H 1
| #define HAVE_STRING_H 1
| #define HAVE_MEMORY_H 1
| #define HAVE_STRINGS_H 1
| #define HAVE_INTTYPES_H 1
| #define HAVE_STDINT_H 1
| #define HAVE_UNISTD_H 1
| #define __EXTENSIONS__ 1
| #define _ALL_SOURCE 1
| #define _GNU_SOURCE 1
| #define _POSIX_PTHREAD_SEMANTICS 1
| #define _TANDEM_SOURCE 1
| #define _FILE_OFFSET_BITS 64
| #define HAVE_NETLINK 1
| #define HAVE_IF_PACKET 1
| /* end confdefs.h.  */
| #include <net/if_dl.h>
configure:5830: result: no
configure:5830: checking for net/if_dl.h
configure:5830: result: no
configure:5851: checking whether strtok_r macro segfaults on some inputs
configure:5880: gcc -o conftest -g -O2   conftest.c -lpcap -lrt -lm  >&5
conftest.c: In function 'main':
conftest.c:40:36: warning: ignoring return value of 'freopen', declared with attribute warn_unused_result [-Wunused-result]
configure:5880: $? = 0
configure:5880: ./conftest
configure:5880: $? = 0
configure:5890: result: no
configure:5898: checking for struct stat.st_mtim.tv_nsec
configure:5898: gcc -c -g -O2  conftest.c >&5
configure:5898: $? = 0
configure:5898: result: yes
configure:5908: checking for struct stat.st_mtimensec
configure:5908: gcc -c -g -O2  conftest.c >&5
conftest.c: In function 'main':
conftest.c:36:12: error: 'struct stat' has no member named 'st_mtimensec'
configure:5908: $? = 1
configure: failed program was:
| /* confdefs.h */
| #define PACKAGE_NAME "openvswitch"
| #define PACKAGE_TARNAME "openvswitch"
| #define PACKAGE_VERSION "1.10.0"
| #define PACKAGE_STRING "openvswitch 1.10.0"
| #define PACKAGE_BUGREPORT "ovs-bugs@openvswitch.org"
| #define PACKAGE_URL ""
| #define PACKAGE "openvswitch"
| #define VERSION "1.10.0"
| #define STDC_HEADERS 1
| #define HAVE_SYS_TYPES_H 1
| #define HAVE_SYS_STAT_H 1
| #define HAVE_STDLIB_H 1
| #define HAVE_STRING_H 1
| #define HAVE_MEMORY_H 1
| #define HAVE_STRINGS_H 1
| #define HAVE_INTTYPES_H 1
| #define HAVE_STDINT_H 1
| #define HAVE_UNISTD_H 1
| #define __EXTENSIONS__ 1
| #define _ALL_SOURCE 1
| #define _GNU_SOURCE 1
| #define _POSIX_PTHREAD_SEMANTICS 1
| #define _TANDEM_SOURCE 1
| #define _FILE_OFFSET_BITS 64
| #define HAVE_NETLINK 1
| #define HAVE_IF_PACKET 1
| #define HAVE_STRUCT_STAT_ST_MTIM_TV_NSEC 1
| /* end confdefs.h.  */
| #include <sys/stat.h>
| 
| int
| main ()
| {
| static struct stat ac_aggr;
| if (ac_aggr.st_mtimensec)
| return 0;
|   ;
|   return 0;
| }
configure:5908: gcc -c -g -O2  conftest.c >&5
conftest.c: In function 'main':
conftest.c:36:19: error: 'struct stat' has no member named 'st_mtimensec'
configure:5908: $? = 1
configure: failed program was:
| /* confdefs.h */
| #define PACKAGE_NAME "openvswitch"
| #define PACKAGE_TARNAME "openvswitch"
| #define PACKAGE_VERSION "1.10.0"
| #define PACKAGE_STRING "openvswitch 1.10.0"
| #define PACKAGE_BUGREPORT "ovs-bugs@openvswitch.org"
| #define PACKAGE_URL ""
| #define PACKAGE "openvswitch"
| #define VERSION "1.10.0"
| #define STDC_HEADERS 1
| #define HAVE_SYS_TYPES_H 1
| #define HAVE_SYS_STAT_H 1
| #define HAVE_STDLIB_H 1
| #define HAVE_STRING_H 1
| #define HAVE_MEMORY_H 1
| #define HAVE_STRINGS_H 1
| #define HAVE_INTTYPES_H 1
| #define HAVE_STDINT_H 1
| #define HAVE_UNISTD_H 1
| #define __EXTENSIONS__ 1
| #define _ALL_SOURCE 1
| #define _GNU_SOURCE 1
| #define _POSIX_PTHREAD_SEMANTICS 1
| #define _TANDEM_SOURCE 1
| #define _FILE_OFFSET_BITS 64
| #define HAVE_NETLINK 1
| #define HAVE_IF_PACKET 1
| #define HAVE_STRUCT_STAT_ST_MTIM_TV_NSEC 1
| /* end confdefs.h.  */
| #include <sys/stat.h>
| 
| int
| main ()
| {
| static struct stat ac_aggr;
| if (sizeof ac_aggr.st_mtimensec)
| return 0;
|   ;
|   return 0;
| }
configure:5908: result: no
configure:5922: checking for mlockall
configure:5922: gcc -o conftest -g -O2   conftest.c -lpcap -lrt -lm  >&5
configure:5922: $? = 0
configure:5922: result: yes
configure:5922: checking for strnlen
configure:5922: gcc -o conftest -g -O2   conftest.c -lpcap -lrt -lm  >&5
configure:5922: $? = 0
configure:5922: result: yes
configure:5922: checking for strsignal
configure:5922: gcc -o conftest -g -O2   conftest.c -lpcap -lrt -lm  >&5
configure:5922: $? = 0
configure:5922: result: yes
configure:5922: checking for getloadavg
configure:5922: gcc -o conftest -g -O2   conftest.c -lpcap -lrt -lm  >&5
configure:5922: $? = 0
configure:5922: result: yes
configure:5922: checking for statvfs
configure:5922: gcc -o conftest -g -O2   conftest.c -lpcap -lrt -lm  >&5
configure:5922: $? = 0
configure:5922: result: yes
configure:5922: checking for setmntent
configure:5922: gcc -o conftest -g -O2   conftest.c -lpcap -lrt -lm  >&5
configure:5922: $? = 0
configure:5922: result: yes
configure:5934: checking mntent.h usability
configure:5934: gcc -c -g -O2  conftest.c >&5
configure:5934: $? = 0
configure:5934: result: yes
configure:5934: checking mntent.h presence
configure:5934: gcc -E  conftest.c
configure:5934: $? = 0
configure:5934: result: yes
configure:5934: checking for mntent.h
configure:5934: result: yes
configure:5934: checking sys/statvfs.h usability
configure:5934: gcc -c -g -O2  conftest.c >&5
configure:5934: $? = 0
configure:5934: result: yes
configure:5934: checking sys/statvfs.h presence
configure:5934: gcc -E  conftest.c
configure:5934: $? = 0
configure:5934: result: yes
configure:5934: checking for sys/statvfs.h
configure:5934: result: yes
configure:5934: checking linux/types.h usability
configure:5934: gcc -c -g -O2  conftest.c >&5
configure:5934: $? = 0
configure:5934: result: yes
configure:5934: checking linux/types.h presence
configure:5934: gcc -E  conftest.c
configure:5934: $? = 0
configure:5934: result: yes
configure:5934: checking for linux/types.h
configure:5934: result: yes
configure:5934: checking execinfo.h usability
configure:5934: gcc -c -g -O2  conftest.c >&5
configure:5934: $? = 0
configure:5934: result: yes
configure:5934: checking execinfo.h presence
configure:5934: gcc -E  conftest.c
configure:5934: $? = 0
configure:5934: result: yes
configure:5934: checking for execinfo.h
configure:5934: result: yes
configure:5972: checking for execinfo.h
configure:5972: result: yes
configure:5976: checking for backtrace
configure:5976: gcc -o conftest -g -O2   conftest.c -lpcap -lrt -lm  >&5
configure:5976: $? = 0
configure:5976: result: yes
configure:5988: checking whether libc supports hooks for malloc and related functions
configure:6007: gcc -c -g -O2  conftest.c >&5
conftest.c: In function 'main':
conftest.c:46:1: warning: '__malloc_hook' is deprecated (declared at /usr/include/malloc.h:176) [-Wdeprecated-declarations]
conftest.c:47:11: warning: '__realloc_hook' is deprecated (declared at /usr/include/malloc.h:179) [-Wdeprecated-declarations]
conftest.c:48:11: warning: '__free_hook' is deprecated (declared at /usr/include/malloc.h:173) [-Wdeprecated-declarations]
configure:6007: $? = 0
configure:6014: result: yes
configure:6023: checking valgrind/valgrind.h usability
configure:6023: gcc -c -g -O2  conftest.c >&5
conftest.c:75:31: fatal error: valgrind/valgrind.h: No such file or directory
compilation terminated.
configure:6023: $? = 1
configure: failed program was:
| /* confdefs.h */
| #define PACKAGE_NAME "openvswitch"
| #define PACKAGE_TARNAME "openvswitch"
| #define PACKAGE_VERSION "1.10.0"
| #define PACKAGE_STRING "openvswitch 1.10.0"
| #define PACKAGE_BUGREPORT "ovs-bugs@openvswitch.org"
| #define PACKAGE_URL ""
| #define PACKAGE "openvswitch"
| #define VERSION "1.10.0"
| #define STDC_HEADERS 1
| #define HAVE_SYS_TYPES_H 1
| #define HAVE_SYS_STAT_H 1
| #define HAVE_STDLIB_H 1
| #define HAVE_STRING_H 1
| #define HAVE_MEMORY_H 1
| #define HAVE_STRINGS_H 1
| #define HAVE_INTTYPES_H 1
| #define HAVE_STDINT_H 1
| #define HAVE_UNISTD_H 1
| #define __EXTENSIONS__ 1
| #define _ALL_SOURCE 1
| #define _GNU_SOURCE 1
| #define _POSIX_PTHREAD_SEMANTICS 1
| #define _TANDEM_SOURCE 1
| #define _FILE_OFFSET_BITS 64
| #define HAVE_NETLINK 1
| #define HAVE_IF_PACKET 1
| #define HAVE_STRUCT_STAT_ST_MTIM_TV_NSEC 1
| #define HAVE_MLOCKALL 1
| #define HAVE_STRNLEN 1
| #define HAVE_STRSIGNAL 1
| #define HAVE_GETLOADAVG 1
| #define HAVE_STATVFS 1
| #define HAVE_SETMNTENT 1
| #define HAVE_MNTENT_H 1
| #define HAVE_SYS_STATVFS_H 1
| #define HAVE_LINUX_TYPES_H 1
| #define HAVE_EXECINFO_H 1
| #define HAVE_BACKTRACE 1
| #define HAVE_MALLOC_HOOKS 1
| /* end confdefs.h.  */
| #include <stdio.h>
| #ifdef HAVE_SYS_TYPES_H
| # include <sys/types.h>
| #endif
| #ifdef HAVE_SYS_STAT_H
| # include <sys/stat.h>
| #endif
| #ifdef STDC_HEADERS
| # include <stdlib.h>
| # include <stddef.h>
| #else
| # ifdef HAVE_STDLIB_H
| #  include <stdlib.h>
| # endif
| #endif
| #ifdef HAVE_STRING_H
| # if !defined STDC_HEADERS && defined HAVE_MEMORY_H
| #  include <memory.h>
| # endif
| # include <string.h>
| #endif
| #ifdef HAVE_STRINGS_H
| # include <strings.h>
| #endif
| #ifdef HAVE_INTTYPES_H
| # include <inttypes.h>
| #endif
| #ifdef HAVE_STDINT_H
| # include <stdint.h>
| #endif
| #ifdef HAVE_UNISTD_H
| # include <unistd.h>
| #endif
| #include <valgrind/valgrind.h>
configure:6023: result: no
configure:6023: checking valgrind/valgrind.h presence
configure:6023: gcc -E  conftest.c
conftest.c:42:31: fatal error: valgrind/valgrind.h: No such file or directory
compilation terminated.
configure:6023: $? = 1
configure: failed program was:
| /* confdefs.h */
| #define PACKAGE_NAME "openvswitch"
| #define PACKAGE_TARNAME "openvswitch"
| #define PACKAGE_VERSION "1.10.0"
| #define PACKAGE_STRING "openvswitch 1.10.0"
| #define PACKAGE_BUGREPORT "ovs-bugs@openvswitch.org"
| #define PACKAGE_URL ""
| #define PACKAGE "openvswitch"
| #define VERSION "1.10.0"
| #define STDC_HEADERS 1
| #define HAVE_SYS_TYPES_H 1
| #define HAVE_SYS_STAT_H 1
| #define HAVE_STDLIB_H 1
| #define HAVE_STRING_H 1
| #define HAVE_MEMORY_H 1
| #define HAVE_STRINGS_H 1
| #define HAVE_INTTYPES_H 1
| #define HAVE_STDINT_H 1
| #define HAVE_UNISTD_H 1
| #define __EXTENSIONS__ 1
| #define _ALL_SOURCE 1
| #define _GNU_SOURCE 1
| #define _POSIX_PTHREAD_SEMANTICS 1
| #define _TANDEM_SOURCE 1
| #define _FILE_OFFSET_BITS 64
| #define HAVE_NETLINK 1
| #define HAVE_IF_PACKET 1
| #define HAVE_STRUCT_STAT_ST_MTIM_TV_NSEC 1
| #define HAVE_MLOCKALL 1
| #define HAVE_STRNLEN 1
| #define HAVE_STRSIGNAL 1
| #define HAVE_GETLOADAVG 1
| #define HAVE_STATVFS 1
| #define HAVE_SETMNTENT 1
| #define HAVE_MNTENT_H 1
| #define HAVE_SYS_STATVFS_H 1
| #define HAVE_LINUX_TYPES_H 1
| #define HAVE_EXECINFO_H 1
| #define HAVE_BACKTRACE 1
| #define HAVE_MALLOC_HOOKS 1
| /* end confdefs.h.  */
| #include <valgrind/valgrind.h>
configure:6023: result: no
configure:6023: checking for valgrind/valgrind.h
configure:6023: result: no
configure:6033: checking for connect in -lsocket
configure:6058: gcc -o conftest -g -O2   conftest.c -lsocket  -lpcap -lrt -lm  >&5
/usr/bin/ld: cannot find -lsocket
collect2: ld returned 1 exit status
configure:6058: $? = 1
configure: failed program was:
| /* confdefs.h */
| #define PACKAGE_NAME "openvswitch"
| #define PACKAGE_TARNAME "openvswitch"
| #define PACKAGE_VERSION "1.10.0"
| #define PACKAGE_STRING "openvswitch 1.10.0"
| #define PACKAGE_BUGREPORT "ovs-bugs@openvswitch.org"
| #define PACKAGE_URL ""
| #define PACKAGE "openvswitch"
| #define VERSION "1.10.0"
| #define STDC_HEADERS 1
| #define HAVE_SYS_TYPES_H 1
| #define HAVE_SYS_STAT_H 1
| #define HAVE_STDLIB_H 1
| #define HAVE_STRING_H 1
| #define HAVE_MEMORY_H 1
| #define HAVE_STRINGS_H 1
| #define HAVE_INTTYPES_H 1
| #define HAVE_STDINT_H 1
| #define HAVE_UNISTD_H 1
| #define __EXTENSIONS__ 1
| #define _ALL_SOURCE 1
| #define _GNU_SOURCE 1
| #define _POSIX_PTHREAD_SEMANTICS 1
| #define _TANDEM_SOURCE 1
| #define _FILE_OFFSET_BITS 64
| #define HAVE_NETLINK 1
| #define HAVE_IF_PACKET 1
| #define HAVE_STRUCT_STAT_ST_MTIM_TV_NSEC 1
| #define HAVE_MLOCKALL 1
| #define HAVE_STRNLEN 1
| #define HAVE_STRSIGNAL 1
| #define HAVE_GETLOADAVG 1
| #define HAVE_STATVFS 1
| #define HAVE_SETMNTENT 1
| #define HAVE_MNTENT_H 1
| #define HAVE_SYS_STATVFS_H 1
| #define HAVE_LINUX_TYPES_H 1
| #define HAVE_EXECINFO_H 1
| #define HAVE_BACKTRACE 1
| #define HAVE_MALLOC_HOOKS 1
| /* end confdefs.h.  */
| 
| /* Override any GCC internal prototype to avoid an error.
|    Use char because int might match the return type of a GCC
|    builtin and then its argument prototype would still apply.  */
| #ifdef __cplusplus
| extern "C"
| #endif
| char connect ();
| int
| main ()
| {
| return connect ();
|   ;
|   return 0;
| }
configure:6067: result: no
configure:6078: checking for library containing gethostbyname
configure:6109: gcc -o conftest -g -O2   conftest.c -lpcap -lrt -lm  >&5
configure:6109: $? = 0
configure:6126: result: none required
configure:6134: checking for user-defined linker section support
configure:6171: gcc -o conftest -g -O2   conftest1.c conftest2.c -lpcap -lrt -lm  >&5
configure:6180: $? = 0
configure:6202: result: yes
configure:6217: checking XenServer release
configure:6229: result: none
configure:6241: checking for groff
configure:6252: result: yes
configure:6262: checking whether make is GNU make
configure:6268: invoking make --version:
GNU Make 3.81
Copyright (C) 2006  Free Software Foundation, Inc.
This is free software; see the source for copying conditions.
There is NO warranty; not even for MERCHANTABILITY or FITNESS FOR A
PARTICULAR PURPOSE.

This program built for i686-pc-linux-gnu
configure:6279: result: yes
configure:6305: checking whether gcc accepts -Wall
configure:6323: gcc -c -g -O2 -Wall  conftest.c >&5
configure:6323: $? = 0
configure:6331: result: yes
configure:6341: checking whether gcc accepts -Wno-sign-compare
configure:6359: gcc -c -g -O2 -Wno-sign-compare  conftest.c >&5
configure:6359: $? = 0
configure:6367: result: yes
configure:6377: checking whether gcc accepts -Wpointer-arith
configure:6395: gcc -c -g -O2 -Wpointer-arith  conftest.c >&5
configure:6395: $? = 0
configure:6403: result: yes
configure:6413: checking whether gcc accepts -Wdeclaration-after-statement
configure:6431: gcc -c -g -O2 -Wdeclaration-after-statement  conftest.c >&5
configure:6431: $? = 0
configure:6439: result: yes
configure:6449: checking whether gcc accepts -Wformat-security
configure:6467: gcc -c -g -O2 -Wformat-security  conftest.c >&5
configure:6467: $? = 0
configure:6475: result: yes
configure:6485: checking whether gcc accepts -Wswitch-enum
configure:6503: gcc -c -g -O2 -Wswitch-enum  conftest.c >&5
configure:6503: $? = 0
configure:6511: result: yes
configure:6521: checking whether gcc accepts -Wunused-parameter
configure:6539: gcc -c -g -O2 -Wunused-parameter  conftest.c >&5
configure:6539: $? = 0
configure:6547: result: yes
configure:6557: checking whether gcc accepts -Wstrict-aliasing
configure:6575: gcc -c -g -O2 -Wstrict-aliasing  conftest.c >&5
configure:6575: $? = 0
configure:6583: result: yes
configure:6593: checking whether gcc accepts -Wbad-function-cast
configure:6611: gcc -c -g -O2 -Wbad-function-cast  conftest.c >&5
configure:6611: $? = 0
configure:6619: result: yes
configure:6629: checking whether gcc accepts -Wcast-align
configure:6647: gcc -c -g -O2 -Wcast-align  conftest.c >&5
configure:6647: $? = 0
configure:6655: result: yes
configure:6665: checking whether gcc accepts -Wstrict-prototypes
configure:6683: gcc -c -g -O2 -Wstrict-prototypes  conftest.c >&5
conftest.c:45:1: warning: function declaration isn't a prototype [-Wstrict-prototypes]
configure:6683: $? = 0
configure:6691: result: yes
configure:6701: checking whether gcc accepts -Wold-style-definition
configure:6719: gcc -c -g -O2 -Wold-style-definition  conftest.c >&5
conftest.c: In function 'main':
conftest.c:45:1: warning: old-style function definition [-Wold-style-definition]
configure:6719: $? = 0
configure:6727: result: yes
configure:6737: checking whether gcc accepts -Wmissing-prototypes
configure:6755: gcc -c -g -O2 -Wmissing-prototypes  conftest.c >&5
configure:6755: $? = 0
configure:6763: result: yes
configure:6773: checking whether gcc accepts -Wmissing-field-initializers
configure:6791: gcc -c -g -O2 -Wmissing-field-initializers  conftest.c >&5
configure:6791: $? = 0
configure:6799: result: yes
configure:6809: checking whether gcc accepts -Wno-override-init
configure:6827: gcc -c -g -O2 -Wno-override-init  conftest.c >&5
configure:6827: $? = 0
configure:6835: result: yes
configure:6845: checking whether gcc accepts -Wno-unused
configure:6863: gcc -c -g -O2 -Wno-unused  conftest.c >&5
configure:6863: $? = 0
configure:6871: result: yes
configure:6888: checking whether gcc accepts -Wno-unused-parameter
configure:6906: gcc -c -g -O2 -Wno-unused-parameter  conftest.c >&5
configure:6906: $? = 0
configure:6914: result: yes
configure:6938: checking target hint for cgcc
configure:6952: result: x86
configure:6964: checking whether make has GNU make $(if) extension
configure:6975: invoking make -f conftest.mk all:
echo y > conftest.out
configure:6977: conftest.out contains:
y
configure:6987: result: yes
configure:7058: checking for Linux build directory
configure:7061: result: /lib/modules/3.2.0-24-generic-pae/build
configure:7073: checking for Linux source directory
configure:7107: result: /lib/modules/3.2.0-24-generic-pae/build
configure:7110: checking for kernel version
configure:7122: result: 3.2.14
configure:7148: checking whether src_err, matches in /lib/modules/3.2.0-24-generic-pae/build/arch/x86/include/asm/checksum_32.h
configure:7162: result: no
configure:7178: checking whether ERR_CAST matches in /lib/modules/3.2.0-24-generic-pae/build/include/linux/err.h
configure:7185: result: yes
configure:7208: checking whether eth_hw_addr_random matches in /lib/modules/3.2.0-24-generic-pae/build/include/linux/etherdevice.h
configure:7222: result: no
configure:7238: checking whether vlan_set_encap_proto matches in /lib/modules/3.2.0-24-generic-pae/build/include/linux/if_vlan.h
configure:7252: result: no
configure:7268: checking whether ipv4_is_multicast matches in /lib/modules/3.2.0-24-generic-pae/build/include/linux/in.h
configure:7275: result: yes
configure:7298: checking whether dev_disable_lro matches in /lib/modules/3.2.0-24-generic-pae/build/include/linux/netdevice.h
configure:7305: result: yes
configure:7327: checking whether dev_get_stats matches in /lib/modules/3.2.0-24-generic-pae/build/include/linux/netdevice.h
configure:7334: result: yes
configure:7356: checking whether dev_get_by_index_rcu matches in /lib/modules/3.2.0-24-generic-pae/build/include/linux/netdevice.h
configure:7363: result: yes
configure:7385: checking whether can_checksum_protocol matches in /lib/modules/3.2.0-24-generic-pae/build/include/linux/netdevice.h
configure:7399: result: no
configure:7415: checking whether rcu_read_lock_held matches in /lib/modules/3.2.0-24-generic-pae/build/include/linux/rcupdate.h
configure:7422: result: yes
configure:7506: checking whether [^@]proto_data_valid matches in /lib/modules/3.2.0-24-generic-pae/build/include/linux/skbuff.h
configure:7520: result: no
configure:7535: checking whether raw matches in /lib/modules/3.2.0-24-generic-pae/build/include/linux/skbuff.h
configure:7549: result: no
configure:7564: checking whether skb_dst( matches in /lib/modules/3.2.0-24-generic-pae/build/include/linux/skbuff.h
configure:7571: result: yes
configure:7593: checking whether skb_copy_from_linear_data_offset matches in /lib/modules/3.2.0-24-generic-pae/build/include/linux/skbuff.h
configure:7600: result: yes
configure:7622: checking whether skb_reset_tail_pointer matches in /lib/modules/3.2.0-24-generic-pae/build/include/linux/skbuff.h
configure:7629: result: yes
configure:7651: checking whether skb_cow_head matches in /lib/modules/3.2.0-24-generic-pae/build/include/linux/skbuff.h
configure:7658: result: yes
configure:7680: checking whether skb_transport_header matches in /lib/modules/3.2.0-24-generic-pae/build/include/linux/skbuff.h
configure:7687: result: yes
configure:7709: checking whether icmp6_hdr matches in /lib/modules/3.2.0-24-generic-pae/build/include/linux/icmpv6.h
configure:7716: result: yes
configure:7738: checking whether skb_warn_if_lro matches in /lib/modules/3.2.0-24-generic-pae/build/include/linux/skbuff.h
configure:7745: result: yes
configure:7767: checking whether consume_skb matches in /lib/modules/3.2.0-24-generic-pae/build/include/linux/skbuff.h
configure:7774: result: yes
configure:7796: checking whether skb_frag_page matches in /lib/modules/3.2.0-24-generic-pae/build/include/linux/skbuff.h
configure:7803: result: yes
configure:7825: checking whether skb_reset_mac_len matches in /lib/modules/3.2.0-24-generic-pae/build/include/linux/skbuff.h
configure:7832: result: yes
configure:7855: checking whether kmemdup matches in /lib/modules/3.2.0-24-generic-pae/build/include/linux/string.h
configure:7862: result: yes
configure:7941: checking whether bool matches in /lib/modules/3.2.0-24-generic-pae/build/include/linux/types.h
configure:7948: result: yes
configure:7970: checking whether __wsum matches in /lib/modules/3.2.0-24-generic-pae/build/include/linux/types.h
configure:7977: result: yes
configure:8000: checking whether csum_replace4 matches in /lib/modules/3.2.0-24-generic-pae/build/include/net/checksum.h
configure:8007: result: yes
configure:8029: checking whether csum_unfold matches in /lib/modules/3.2.0-24-generic-pae/build/include/net/checksum.h
configure:8036: result: yes
configure:8059: checking whether NLA_NUL_STRING matches in /lib/modules/3.2.0-24-generic-pae/build/include/net/netlink.h
configure:8066: result: yes
configure:8088: checking whether nla_get_be16 matches in /lib/modules/3.2.0-24-generic-pae/build/include/net/netlink.h
configure:8095: result: yes
configure:8117: checking whether nla_put_be16 matches in /lib/modules/3.2.0-24-generic-pae/build/include/net/netlink.h
configure:8131: result: no
configure:8146: checking whether nla_put_be32 matches in /lib/modules/3.2.0-24-generic-pae/build/include/net/netlink.h
configure:8160: result: no
configure:8175: checking whether nla_put_be64 matches in /lib/modules/3.2.0-24-generic-pae/build/include/net/netlink.h
configure:8189: result: no
configure:8204: checking whether nla_find_nested matches in /lib/modules/3.2.0-24-generic-pae/build/include/net/netlink.h
configure:8211: result: yes
configure:8234: checking whether ADD_ALL_VLANS_CMD matches in /lib/modules/3.2.0-24-generic-pae/build/include/linux/if_vlan.h
configure:8248: result: no
configure:8264: checking whether openvswitch_handle_frame_hook matches in /lib/modules/3.2.0-24-generic-pae/build/include/linux/openvswitch.h
configure:8287: result: file not found
configure:8294: checking for /lib/modules/3.2.0-24-generic-pae/build/include/linux/log2.h
configure:8297: result: yes
configure:8552: creating ./config.status

## ---------------------- ##
## Running config.status. ##
## ---------------------- ##

This file was extended by openvswitch config.status 1.10.0, which was
generated by GNU Autoconf 2.68.  Invocation command line was

  CONFIG_FILES    = 
  CONFIG_HEADERS  = 
  CONFIG_LINKS    = 
  CONFIG_COMMANDS = 
  $ ./config.status 

on isisnve1

config.status:948: creating Makefile
config.status:948: creating datapath/Makefile
config.status:948: creating datapath/linux/Kbuild
config.status:948: creating datapath/linux/Makefile
config.status:948: creating datapath/linux/Makefile.main
config.status:948: creating tests/atlocal
config.status:948: creating config.h
config.status:1129: config.h is unchanged
config.status:1177: executing tests/atconfig commands
config.status:1177: executing depfiles commands
config.status:1177: executing include/openflow/openflow.h.stamp commands
config.status:1177: executing ovsdb/ovsdbmonitor/dummy commands
config.status:1177: executing utilities/bugtool/dummy commands

## ---------------- ##
## Cache variables. ##
## ---------------- ##

ac_cv_c_bigendian=no
ac_cv_c_compiler_gnu=yes
ac_cv_env_CC_set=
ac_cv_env_CC_value=
ac_cv_env_CFLAGS_set=
ac_cv_env_CFLAGS_value=
ac_cv_env_CPPFLAGS_set=
ac_cv_env_CPPFLAGS_value=
ac_cv_env_CPP_set=
ac_cv_env_CPP_value=
ac_cv_env_KARCH_set=
ac_cv_env_KARCH_value=
ac_cv_env_LDFLAGS_set=
ac_cv_env_LDFLAGS_value=
ac_cv_env_LIBS_set=
ac_cv_env_LIBS_value=
ac_cv_env_PERL_set=
ac_cv_env_PERL_value=
ac_cv_env_PKG_CONFIG_LIBDIR_set=
ac_cv_env_PKG_CONFIG_LIBDIR_value=
ac_cv_env_PKG_CONFIG_PATH_set=
ac_cv_env_PKG_CONFIG_PATH_value=
ac_cv_env_PKG_CONFIG_set=
ac_cv_env_PKG_CONFIG_value=
ac_cv_env_SSL_CFLAGS_set=
ac_cv_env_SSL_CFLAGS_value=
ac_cv_env_SSL_LIBS_set=
ac_cv_env_SSL_LIBS_value=
ac_cv_env_build_alias_set=
ac_cv_env_build_alias_value=
ac_cv_env_host_alias_set=
ac_cv_env_host_alias_value=
ac_cv_env_target_alias_set=
ac_cv_env_target_alias_value=
ac_cv_func_backtrace=yes
ac_cv_func_getloadavg=yes
ac_cv_func_mlockall=yes
ac_cv_func_setmntent=yes
ac_cv_func_statvfs=yes
ac_cv_func_strnlen=yes
ac_cv_func_strsignal=yes
ac_cv_header_execinfo_h=yes
ac_cv_header_inttypes_h=yes
ac_cv_header_linux_netlink_h=yes
ac_cv_header_linux_types_h=yes
ac_cv_header_memory_h=yes
ac_cv_header_minix_config_h=no
ac_cv_header_mntent_h=yes
ac_cv_header_net_if_dl_h=no
ac_cv_header_net_if_packet_h=yes
ac_cv_header_stdc=yes
ac_cv_header_stdint_h=yes
ac_cv_header_stdlib_h=yes
ac_cv_header_string_h=yes
ac_cv_header_strings_h=yes
ac_cv_header_sys_stat_h=yes
ac_cv_header_sys_statvfs_h=yes
ac_cv_header_sys_types_h=yes
ac_cv_header_unistd_h=yes
ac_cv_header_valgrind_valgrind_h=no
ac_cv_header_vmware_h=no
ac_cv_lib_socket_connect=no
ac_cv_member_struct_stat_st_mtim_tv_nsec=yes
ac_cv_member_struct_stat_st_mtimensec=no
ac_cv_objext=o
ac_cv_path_EGREP='/bin/grep -E'
ac_cv_path_FGREP='/bin/grep -F'
ac_cv_path_GREP=/bin/grep
ac_cv_path_PERL=/usr/bin/perl
ac_cv_path_ac_pt_PKG_CONFIG=/usr/bin/pkg-config
ac_cv_path_install='/usr/bin/install -c'
ac_cv_path_mkdir=/bin/mkdir
ac_cv_prog_AWK=gawk
ac_cv_prog_CPP='gcc -E'
ac_cv_prog_ac_ct_CC=gcc
ac_cv_prog_ac_ct_RANLIB=ranlib
ac_cv_prog_cc_c89=
ac_cv_prog_cc_g=yes
ac_cv_prog_cc_gcc_c_o=yes
ac_cv_prog_make_make_set=yes
ac_cv_safe_to_define___extensions__=yes
ac_cv_search_clock_gettime=-lrt
ac_cv_search_gethostbyname='none required'
ac_cv_search_pcap_open_live=-lpcap
ac_cv_search_pow=-lm
ac_cv_search_timer_create='none required'
ac_cv_sparse_target=x86
ac_cv_sys_file_offset_bits=64
ac_cv_sys_largefile_CC=no
am_cv_CC_dependencies_compiler_type=gcc3
ovs_cv__Wall=yes
ovs_cv__Wbad_function_cast=yes
ovs_cv__Wcast_align=yes
ovs_cv__Wdeclaration_after_statement=yes
ovs_cv__Wformat_security=yes
ovs_cv__Wmissing_field_initializers=yes
ovs_cv__Wmissing_prototypes=yes
ovs_cv__Wno_override_init=yes
ovs_cv__Wno_sign_compare=yes
ovs_cv__Wno_unused=yes
ovs_cv__Wno_unused_parameter=yes
ovs_cv__Wold_style_definition=yes
ovs_cv__Wpointer_arith=yes
ovs_cv__Wstrict_aliasing=yes
ovs_cv__Wstrict_prototypes=yes
ovs_cv__Wswitch_enum=yes
ovs_cv__Wunused_parameter=yes
ovs_cv_dot=no
ovs_cv_gnu_make=yes
ovs_cv_gnu_make_if=yes
ovs_cv_groff=yes
ovs_cv_malloc_hooks=yes
ovs_cv_py_PyQt4_QtCore=no
ovs_cv_py_PySide_QtCore=no
ovs_cv_py_json=yes
ovs_cv_py_twisted_application=yes
ovs_cv_py_twisted_conch_ssh=no
ovs_cv_py_twisted_internet=yes
ovs_cv_py_zope_interface=yes
ovs_cv_python=/usr/bin/python
ovs_cv_pyuic4=no
ovs_cv_strtok_r_bug=no
ovs_cv_use_linker_sections=yes
ovs_cv_xsversion=none

## ----------------- ##
## Output variables. ##
## ----------------- ##

ACLOCAL='${SHELL} /home/vpls/openvswitch-1.10.0/build-aux/missing --run aclocal-1.11'
AMDEPBACKSLASH='\'
AMDEP_FALSE='#'
AMDEP_TRUE=''
AMTAR='${SHELL} /home/vpls/openvswitch-1.10.0/build-aux/missing --run tar'
AUTOCONF='${SHELL} /home/vpls/openvswitch-1.10.0/build-aux/missing --run autoconf'
AUTOHEADER='${SHELL} /home/vpls/openvswitch-1.10.0/build-aux/missing --run autoheader'
AUTOM4TE='${SHELL} /home/vpls/openvswitch-1.10.0/build-aux/missing --run autom4te'
AUTOMAKE='${SHELL} /home/vpls/openvswitch-1.10.0/build-aux/missing --run automake-1.11'
AWK='gawk'
BUILD_OVSDBMONITOR_FALSE=''
BUILD_OVSDBMONITOR_TRUE='#'
CC='$(if $(C),REAL_CC="gcc" CHECK="$(SPARSE) -I $(top_srcdir)/include/sparse $(SPARSEFLAGS)" cgcc $(CGCCFLAGS),gcc)'
CCDEPMODE='depmode=gcc3'
CFLAGS='-g -O2'
CGCCFLAGS='-target=i86'
CPP='gcc -E'
CPPFLAGS=''
CYGPATH_W='echo'
DBDIR='${sysconfdir}/${PACKAGE}'
DEFS='-DHAVE_CONFIG_H'
DEPDIR='.deps'
ECHO_C=''
ECHO_N='-n'
ECHO_T=''
EGREP='/bin/grep -E'
ESX_FALSE=''
ESX_TRUE='#'
EXEEXT=''
FGREP='/bin/grep -F'
GNU_MAKE_FALSE='#'
GNU_MAKE_TRUE=''
GREP='/bin/grep'
HAVE_DOT_FALSE=''
HAVE_DOT_TRUE='#'
HAVE_GROFF_FALSE='#'
HAVE_GROFF_TRUE=''
HAVE_IF_DL_FALSE=''
HAVE_IF_DL_TRUE='#'
HAVE_IF_PACKET_FALSE='#'
HAVE_IF_PACKET_TRUE=''
HAVE_NETLINK_FALSE='#'
HAVE_NETLINK_TRUE=''
HAVE_OPENSSL='no'
HAVE_OPENSSL_FALSE=''
HAVE_OPENSSL_TRUE='#'
HAVE_PYTHON='yes'
HAVE_PYTHON_FALSE='#'
HAVE_PYTHON_TRUE=''
HAVE_WNO_UNUSED_FALSE='#'
HAVE_WNO_UNUSED_PARAMETER_FALSE='#'
HAVE_WNO_UNUSED_PARAMETER_TRUE=''
HAVE_WNO_UNUSED_TRUE=''
INSTALL_DATA='${INSTALL} -m 644'
INSTALL_PROGRAM='${INSTALL}'
INSTALL_SCRIPT='${INSTALL}'
INSTALL_STRIP_PROGRAM='$(install_sh) -c -s'
KARCH=''
KBUILD='/lib/modules/3.2.0-24-generic-pae/build'
LDFLAGS=''
LIBOBJS=''
LIBS='-lpcap -lrt -lm '
LINUX_DATAPATH_FALSE='#'
LINUX_DATAPATH_TRUE=''
LINUX_ENABLED_FALSE='#'
LINUX_ENABLED_TRUE=''
LOGDIR='${localstatedir}/log/${PACKAGE}'
LTLIBOBJS=''
MAKEINFO='${SHELL} /home/vpls/openvswitch-1.10.0/build-aux/missing --run makeinfo'
MKDIR_P='/bin/mkdir -p'
NDEBUG_FALSE=''
NDEBUG_TRUE='#'
OBJEXT='o'
PACKAGE='openvswitch'
PACKAGE_BUGREPORT='ovs-bugs@openvswitch.org'
PACKAGE_NAME='openvswitch'
PACKAGE_STRING='openvswitch 1.10.0'
PACKAGE_TARNAME='openvswitch'
PACKAGE_URL=''
PACKAGE_VERSION='1.10.0'
PATH_SEPARATOR=':'
PERL='/usr/bin/perl'
PKG_CONFIG='/usr/bin/pkg-config'
PKG_CONFIG_LIBDIR=''
PKG_CONFIG_PATH=''
PKIDIR='${localstatedir}/lib/openvswitch/pki'
PYTHON='/usr/bin/python'
PYUIC4='${SHELL} /home/vpls/openvswitch-1.10.0/build-aux/missing --run pyuic4'
RANLIB='ranlib'
RUNDIR='${localstatedir}/run/openvswitch'
SET_MAKE=''
SHELL='/bin/bash'
SPARSE='sparse'
SPARSEFLAGS=''
SSL_CFLAGS=''
SSL_LIBS=''
STRIP=''
USE_LINKER_SECTIONS_FALSE='#'
USE_LINKER_SECTIONS_TRUE=''
VERSION='1.10.0'
WARNING_FLAGS=' -Wall -Wno-sign-compare -Wpointer-arith -Wdeclaration-after-statement -Wformat-security -Wswitch-enum -Wunused-parameter -Wstrict-aliasing -Wbad-function-cast -Wcast-align -Wstrict-prototypes -Wold-style-definition -Wmissing-prototypes -Wmissing-field-initializers -Wno-override-init'
ac_ct_CC='gcc'
am__EXEEXT_FALSE=''
am__EXEEXT_TRUE='#'
am__fastdepCC_FALSE='#'
am__fastdepCC_TRUE=''
am__include='include'
am__isrc=''
am__leading_dot='.'
am__quote=''
am__tar='${AMTAR} chof - "$$tardir"'
am__untar='${AMTAR} xf -'
bindir='${exec_prefix}/bin'
build_alias=''
datadir='${datarootdir}'
datarootdir='${prefix}/share'
docdir='${datarootdir}/doc/${PACKAGE_TARNAME}'
dvidir='${docdir}'
exec_prefix='${prefix}'
host_alias=''
htmldir='${docdir}'
includedir='${prefix}/include'
infodir='${datarootdir}/info'
install_sh='${SHELL} /home/vpls/openvswitch-1.10.0/build-aux/install-sh'
libdir='${exec_prefix}/lib'
libexecdir='${exec_prefix}/libexec'
localedir='${datarootdir}/locale'
localstatedir='${prefix}/var'
mandir='${datarootdir}/man'
mkdir_p='/bin/mkdir -p'
oldincludedir='/usr/include'
pdfdir='${docdir}'
prefix='/usr/local'
program_transform_name='s,x,x,'
psdir='${docdir}'
sbindir='${exec_prefix}/sbin'
sharedstatedir='${prefix}/com'
sysconfdir='${prefix}/etc'
target_alias=''

## ----------- ##
## confdefs.h. ##
## ----------- ##

/* confdefs.h */
#define PACKAGE_NAME "openvswitch"
#define PACKAGE_TARNAME "openvswitch"
#define PACKAGE_VERSION "1.10.0"
#define PACKAGE_STRING "openvswitch 1.10.0"
#define PACKAGE_BUGREPORT "ovs-bugs@openvswitch.org"
#define PACKAGE_URL ""
#define PACKAGE "openvswitch"
#define VERSION "1.10.0"
#define STDC_HEADERS 1
#define HAVE_SYS_TYPES_H 1
#define HAVE_SYS_STAT_H 1
#define HAVE_STDLIB_H 1
#define HAVE_STRING_H 1
#define HAVE_MEMORY_H 1
#define HAVE_STRINGS_H 1
#define HAVE_INTTYPES_H 1
#define HAVE_STDINT_H 1
#define HAVE_UNISTD_H 1
#define __EXTENSIONS__ 1
#define _ALL_SOURCE 1
#define _GNU_SOURCE 1
#define _POSIX_PTHREAD_SEMANTICS 1
#define _TANDEM_SOURCE 1
#define _FILE_OFFSET_BITS 64
#define HAVE_NETLINK 1
#define HAVE_IF_PACKET 1
#define HAVE_STRUCT_STAT_ST_MTIM_TV_NSEC 1
#define HAVE_MLOCKALL 1
#define HAVE_STRNLEN 1
#define HAVE_STRSIGNAL 1
#define HAVE_GETLOADAVG 1
#define HAVE_STATVFS 1
#define HAVE_SETMNTENT 1
#define HAVE_MNTENT_H 1
#define HAVE_SYS_STATVFS_H 1
#define HAVE_LINUX_TYPES_H 1
#define HAVE_EXECINFO_H 1
#define HAVE_BACKTRACE 1
#define HAVE_MALLOC_HOOKS 1
#define USE_LINKER_SECTIONS 1
#define LINUX_DATAPATH 1

configure: exit 0
